<?xml version="1.0" encoding="UTF-8" ?>
<testsuite tests="14" failures="4" name="c602.project.cucumberproject.TestRunner" time="0.032" errors="0" skipped="2">
  <properties>
[...]
</properties>
  <testcase classname="Scenario: Search buses from Pune to Chalisgaon" name="Given I open website" time="0.005"/>
  <testcase classname="Scenario: Search buses from Pune to Chalisgaon" name="When I enter source" time="0"/>
  <testcase classname="Scenario: Search buses from Pune to Chalisgaon" name="And I enter destination" time="0"/>
  <testcase classname="Scenario: Search buses from Pune to Chalisgaon" name="And I click Search buses button" time="0"/>
  <testcase classname="Scenario: Search buses from Pune to Chalisgaon" name="Then Calendar should open" time="0.006">
    <failure type="java.lang.AssertionError">java.lang.AssertionError
	at org.junit.Assert.fail(Assert.java:86)
	at org.junit.Assert.assertTrue(Assert.java:41)
	at org.junit.Assert.assertTrue(Assert.java:52)
	at c602.project.cucumberproject.Feature1Step.calendar_should_open(Feature1Step.java:33)
	at ✽.Then Calendar should open(Feature1.feature:26)
</failure>
  </testcase>
  <testcase classname="Scenario: Search buses from Pune to Chalisgaon" name="Scenario: Search buses from Pune to Chalisgaon" time="0.006">
    <failure type="java.lang.AssertionError">java.lang.AssertionError
	at org.junit.Assert.fail(Assert.java:86)
	at org.junit.Assert.assertTrue(Assert.java:41)
	at org.junit.Assert.assertTrue(Assert.java:52)
	at c602.project.cucumberproject.Feature1Step.calendar_should_open(Feature1Step.java:33)
	at ✽.Then Calendar should open(Feature1.feature:26)
</failure>
  </testcase>
  <testcase classname="Scenario: Search buses from Pune to Chalisgaon" name="And I close browser" time="0.01">
    <skipped/>
  </testcase>
  <testcase classname="Scenario: Search buses from Pune to Jalgaon" name="Given I open website" time="0"/>
  <testcase classname="Scenario: Search buses from Pune to Jalgaon" name="When I enter source" time="0"/>
  <testcase classname="Scenario: Search buses from Pune to Jalgaon" name="And I enter destination" time="0"/>
  <testcase classname="Scenario: Search buses from Pune to Jalgaon" name="And I click Search buses button" time="0"/>
  <testcase classname="Scenario: Search buses from Pune to Jalgaon" name="Then Calendar should open" time="0.001">
    <failure type="java.lang.AssertionError">java.lang.AssertionError
	at org.junit.Assert.fail(Assert.java:86)
	at org.junit.Assert.assertTrue(Assert.java:41)
	at org.junit.Assert.assertTrue(Assert.java:52)
	at c602.project.cucumberproject.Feature1Step.calendar_should_open(Feature1Step.java:33)
	at ✽.Then Calendar should open(Feature1.feature:34)
</failure>
  </testcase>
  <testcase classname="Scenario: Search buses from Pune to Jalgaon" name="Scenario: Search buses from Pune to Jalgaon" time="0.001">
    <failure type="java.lang.AssertionError">java.lang.AssertionError
	at org.junit.Assert.fail(Assert.java:86)
	at org.junit.Assert.assertTrue(Assert.java:41)
	at org.junit.Assert.assertTrue(Assert.java:52)
	at c602.project.cucumberproject.Feature1Step.calendar_should_open(Feature1Step.java:33)
	at ✽.Then Calendar should open(Feature1.feature:34)
</failure>
  </testcase>
  <testcase classname="Scenario: Search buses from Pune to Jalgaon" name="And I close browser" time="0.003">
    <skipped/>
  </testcase>
</testsuite>