<?xml version="1.0" encoding="UTF-8" ?>
<testsuite tests="14" failures="4" name="c602.project.cucumberproject.TestRunner" time="0.032" errors="0" skipped="2">
  <properties>
    <property name="java.runtime.name" value="Java(TM) SE Runtime Environment"/>
    <property name="sun.boot.library.path" value="C:\Program Files\Java\jdk1.8.0_65\jre\bin"/>
    <property name="java.vm.version" value="25.65-b01"/>
    <property name="java.vm.vendor" value="Oracle Corporation"/>
    <property name="maven.multiModuleProjectDirectory" value="C:\Users\Sushant\workspace\cucumberproject"/>
    <property name="java.vendor.url" value="http://java.oracle.com/"/>
    <property name="path.separator" value=";"/>
    <property name="guice.disable.misplaced.annotation.check" value="true"/>
    <property name="java.vm.name" value="Java HotSpot(TM) 64-Bit Server VM"/>
    <property name="file.encoding.pkg" value="sun.io"/>
    <property name="user.script" value=""/>
    <property name="user.country" value="IN"/>
    <property name="sun.java.launcher" value="SUN_STANDARD"/>
    <property name="sun.os.patch.level" value=""/>
    <property name="java.vm.specification.name" value="Java Virtual Machine Specification"/>
    <property name="user.dir" value="C:\Users\Sushant\workspace\cucumberproject"/>
    <property name="java.runtime.version" value="1.8.0_65-b17"/>
    <property name="java.awt.graphicsenv" value="sun.awt.Win32GraphicsEnvironment"/>
    <property name="java.endorsed.dirs" value="C:\Program Files\Java\jdk1.8.0_65\jre\lib\endorsed"/>
    <property name="os.arch" value="amd64"/>
    <property name="java.io.tmpdir" value="C:\Users\Sushant\AppData\Local\Temp\"/>
    <property name="line.separator" value="
"/>
    <property name="java.vm.specification.vendor" value="Oracle Corporation"/>
    <property name="user.variant" value=""/>
    <property name="os.name" value="Windows 10"/>
    <property name="classworlds.conf" value="C:\Users\Sushant\workspace\.metadata\.plugins\org.eclipse.m2e.launching\launches\m2conf7207195191254161100.tmp"/>
    <property name="sun.jnu.encoding" value="Cp1252"/>
    <property name="java.library.path" value="C:\Program Files\Java\jdk1.8.0_65\bin;C:\WINDOWS\Sun\Java\bin;C:\WINDOWS\system32;C:\WINDOWS;C:/Program Files/Java/jre1.8.0_141/bin/server;C:/Program Files/Java/jre1.8.0_141/bin;C:/Program Files/Java/jre1.8.0_141/lib/amd64;C:\ProgramData\Oracle\Java\javapath;C:\WINDOWS\system32;C:\WINDOWS;C:\WINDOWS\System32\Wbem;C:\WINDOWS\System32\WindowsPowerShell\v1.0\;C:\Program Files (x86)\ATI Technologies\ATI.ACE\Core-Static;C:\Program Files\Java\jdk1.8.0_65\bin;C:\WINDOWS\system32\config\systemprofile\.dnx\bin;C:\Program Files (x86)\Android\android-sdk\platform-tools;G:\Automation\apache-maven-3.3.9\bin;G:\Automation\apache-ant-1.9.7\bin;C:\Program Files\nodejs\;C:\Users\Sushant\AppData\Local\Microsoft\WindowsApps;C:\Users\Sushant\AppData\Roaming\npm;G:\eclipse-jee-mars-1-win32-x86_64\eclipse;;."/>
    <property name="java.specification.name" value="Java Platform API Specification"/>
    <property name="java.class.version" value="52.0"/>
    <property name="sun.management.compiler" value="HotSpot 64-Bit Tiered Compilers"/>
    <property name="os.version" value="10.0"/>
    <property name="user.home" value="C:\Users\Sushant"/>
    <property name="user.timezone" value="Asia/Calcutta"/>
    <property name="java.awt.printerjob" value="sun.awt.windows.WPrinterJob"/>
    <property name="java.specification.version" value="1.8"/>
    <property name="file.encoding" value="Cp1252"/>
    <property name="user.name" value="Sushant"/>
    <property name="java.class.path" value="/G:/eclipse-jee-mars-1-win32-x86_64/eclipse/plugins/org.eclipse.m2e.maven.runtime_1.6.2.20150902-0001/jars/plexus-classworlds-2.5.2.jar"/>
    <property name="java.vm.specification.version" value="1.8"/>
    <property name="sun.arch.data.model" value="64"/>
    <property name="java.home" value="C:\Program Files\Java\jdk1.8.0_65\jre"/>
    <property name="sun.java.command" value="org.codehaus.plexus.classworlds.launcher.Launcher -B clean install"/>
    <property name="java.specification.vendor" value="Oracle Corporation"/>
    <property name="user.language" value="en"/>
    <property name="awt.toolkit" value="sun.awt.windows.WToolkit"/>
    <property name="java.vm.info" value="mixed mode"/>
    <property name="java.version" value="1.8.0_65"/>
    <property name="java.ext.dirs" value="C:\Program Files\Java\jdk1.8.0_65\jre\lib\ext;C:\WINDOWS\Sun\Java\lib\ext"/>
    <property name="sun.boot.class.path" value="C:\Program Files\Java\jdk1.8.0_65\jre\lib\resources.jar;C:\Program Files\Java\jdk1.8.0_65\jre\lib\rt.jar;C:\Program Files\Java\jdk1.8.0_65\jre\lib\sunrsasign.jar;C:\Program Files\Java\jdk1.8.0_65\jre\lib\jsse.jar;C:\Program Files\Java\jdk1.8.0_65\jre\lib\jce.jar;C:\Program Files\Java\jdk1.8.0_65\jre\lib\charsets.jar;C:\Program Files\Java\jdk1.8.0_65\jre\lib\jfr.jar;C:\Program Files\Java\jdk1.8.0_65\jre\classes"/>
    <property name="java.vendor" value="Oracle Corporation"/>
    <property name="maven.home" value="C:\Users\Sushant\workspace\cucumberproject\EMBEDDED"/>
    <property name="file.separator" value="\"/>
    <property name="java.vendor.url.bug" value="http://bugreport.sun.com/bugreport/"/>
    <property name="sun.cpu.endian" value="little"/>
    <property name="sun.io.unicode.encoding" value="UnicodeLittle"/>
    <property name="sun.desktop" value="windows"/>
    <property name="sun.cpu.isalist" value="amd64"/>
  </properties>
  <testcase classname="Scenario: Search buses from Pune to Chalisgaon" name="Given I open website" time="0.005"/>
  <testcase classname="Scenario: Search buses from Pune to Chalisgaon" name="When I enter source" time="0"/>
  <testcase classname="Scenario: Search buses from Pune to Chalisgaon" name="And I enter destination" time="0"/>
  <testcase classname="Scenario: Search buses from Pune to Chalisgaon" name="And I click Search buses button" time="0"/>
  <testcase classname="Scenario: Search buses from Pune to Chalisgaon" name="Then Calendar should open" time="0.006">
    <failure type="java.lang.AssertionError">java.lang.AssertionError
	at org.junit.Assert.fail(Assert.java:86)
	at org.junit.Assert.assertTrue(Assert.java:41)
	at org.junit.Assert.assertTrue(Assert.java:52)
	at c602.project.cucumberproject.Feature1Step.calendar_should_open(Feature1Step.java:33)
	at ✽.Then Calendar should open(Feature1.feature:26)
</failure>
  </testcase>
  <testcase classname="Scenario: Search buses from Pune to Chalisgaon" name="Scenario: Search buses from Pune to Chalisgaon" time="0.006">
    <failure type="java.lang.AssertionError">java.lang.AssertionError
	at org.junit.Assert.fail(Assert.java:86)
	at org.junit.Assert.assertTrue(Assert.java:41)
	at org.junit.Assert.assertTrue(Assert.java:52)
	at c602.project.cucumberproject.Feature1Step.calendar_should_open(Feature1Step.java:33)
	at ✽.Then Calendar should open(Feature1.feature:26)
</failure>
  </testcase>
  <testcase classname="Scenario: Search buses from Pune to Chalisgaon" name="And I close browser" time="0.01">
    <skipped/>
  </testcase>
  <testcase classname="Scenario: Search buses from Pune to Jalgaon" name="Given I open website" time="0"/>
  <testcase classname="Scenario: Search buses from Pune to Jalgaon" name="When I enter source" time="0"/>
  <testcase classname="Scenario: Search buses from Pune to Jalgaon" name="And I enter destination" time="0"/>
  <testcase classname="Scenario: Search buses from Pune to Jalgaon" name="And I click Search buses button" time="0"/>
  <testcase classname="Scenario: Search buses from Pune to Jalgaon" name="Then Calendar should open" time="0.001">
    <failure type="java.lang.AssertionError">java.lang.AssertionError
	at org.junit.Assert.fail(Assert.java:86)
	at org.junit.Assert.assertTrue(Assert.java:41)
	at org.junit.Assert.assertTrue(Assert.java:52)
	at c602.project.cucumberproject.Feature1Step.calendar_should_open(Feature1Step.java:33)
	at ✽.Then Calendar should open(Feature1.feature:34)
</failure>
  </testcase>
  <testcase classname="Scenario: Search buses from Pune to Jalgaon" name="Scenario: Search buses from Pune to Jalgaon" time="0.001">
    <failure type="java.lang.AssertionError">java.lang.AssertionError
	at org.junit.Assert.fail(Assert.java:86)
	at org.junit.Assert.assertTrue(Assert.java:41)
	at org.junit.Assert.assertTrue(Assert.java:52)
	at c602.project.cucumberproject.Feature1Step.calendar_should_open(Feature1Step.java:33)
	at ✽.Then Calendar should open(Feature1.feature:34)
</failure>
  </testcase>
  <testcase classname="Scenario: Search buses from Pune to Jalgaon" name="And I close browser" time="0.003">
    <skipped/>
  </testcase>
</testsuite>